512 512 8 747.979846 1.192093e-07 4.071139e-07
1024 512 8 915.069816 1.192093e-07 4.714458e-07
2048 512 8 1095.292135 1.192093e-07 4.598977e-07
4096 512 8 1221.461882 1.192093e-07 4.527646e-07
512 1024 8 927.233626 1.192093e-07 4.246731e-07
1024 1024 8 1124.812826 1.192093e-07 4.515411e-07
2048 1024 8 1267.111085 1.192093e-07 4.655746e-07
4096 1024 8 1359.830773 1.192093e-07 4.644186e-07
512 2048 8 1113.272344 1.192093e-07 4.727563e-07
1024 2048 8 1273.223626 1.192093e-07 4.742011e-07
2048 2048 8 1384.605843 1.192093e-07 4.639205e-07
4096 2048 8 1436.490994 1.192093e-07 4.743539e-07
512 4096 8 1306.612910 1.192093e-07 4.599471e-07
1024 4096 8 1413.668902 1.192093e-07 4.680081e-07
2048 4096 8 1464.221516 1.192093e-07 4.744192e-07
4096 4096 8 1486.764269 1.192093e-07 4.711622e-07
512 512 16 421.077306 1.788139e-07 4.324725e-07
1024 512 16 524.695100 1.788139e-07 4.467739e-07
2048 512 16 600.001511 1.788139e-07 4.370737e-07
4096 512 16 656.689170 1.788139e-07 4.306355e-07
512 1024 16 525.146543 1.788139e-07 4.274161e-07
1024 1024 16 616.127736 1.788139e-07 4.309865e-07
2048 1024 16 678.168422 1.788139e-07 4.753717e-07
4096 1024 16 681.195927 1.788139e-07 4.360369e-07
512 2048 16 582.327072 1.788139e-07 4.700445e-07
1024 2048 16 662.255844 1.788139e-07 4.286314e-07
2048 2048 16 711.469138 1.788139e-07 4.476372e-07
4096 2048 16 737.348277 1.788139e-07 4.681258e-07
512 4096 16 669.841897 2.086163e-07 4.764315e-07
1024 4096 16 714.671259 2.086163e-07 4.652541e-07
2048 4096 16 739.988252 2.086163e-07 4.834821e-07
4096 4096 16 743.679318 2.086163e-07 5.082134e-07
512 512 32 210.466054 2.086163e-07 4.338426e-07
1024 512 32 263.964349 2.384186e-07 4.724047e-07
2048 512 32 302.341345 2.384186e-07 4.738604e-07
4096 512 32 329.441195 8.344650e-07 1.792322e-06
512 1024 32 262.969220 2.384186e-07 4.741817e-07
1024 1024 32 308.980103 2.384186e-07 4.765787e-07
2048 1024 32 340.811930 2.384186e-07 4.768089e-07
4096 1024 32 355.462624 2.384186e-07 4.772311e-07
512 2048 32 285.511195 2.384186e-07 4.762850e-07
1024 2048 32 332.832051 2.384186e-07 4.744009e-07
2048 2048 32 362.434833 2.384186e-07 4.761253e-07
4096 2048 32 370.418658 2.384186e-07 4.887742e-07
512 4096 32 320.752306 2.384186e-07 4.783174e-07
1024 4096 32 357.420629 2.384186e-07 4.756875e-07
2048 4096 32 371.270650 2.384186e-07 4.764852e-07
4096 4096 32 374.799116 2.384186e-07 5.094487e-07
512 512 64 107.655266 2.384186e-07 4.752377e-07
1024 512 64 132.461945 2.384186e-07 5.023990e-07
2048 512 64 139.270186 2.384186e-07 4.767988e-07
4096 512 64 159.618583 2.384186e-07 4.789339e-07
512 1024 64 132.039278 2.384186e-07 4.750957e-07
1024 1024 64 154.852613 2.384186e-07 4.760942e-07
2048 1024 64 168.599584 2.384186e-07 4.766900e-07
4096 1024 64 174.635635 2.384186e-07 4.767215e-07
512 2048 64 153.624848 2.384186e-07 4.767943e-07
1024 2048 64 171.062657 2.384186e-07 4.764793e-07
2048 2048 64 180.169270 2.384186e-07 4.767046e-07
4096 2048 64 184.644654 2.384186e-07 4.801963e-07
512 4096 64 168.129351 2.384186e-07 4.793528e-07
1024 4096 64 179.386554 2.384186e-07 4.767328e-07
2048 4096 64 185.419457 2.384186e-07 4.768020e-07
4096 4096 64 186.769658 2.384186e-07 4.767667e-07
512 512 128 47.588908 2.384186e-07 4.763826e-07
1024 512 128 59.154057 2.384186e-07 4.764396e-07
2048 512 128 71.836703 2.384186e-07 4.763928e-07
4096 512 128 75.477882 8.344650e-07 1.653792e-06
512 1024 128 63.660973 2.384186e-07 4.761570e-07
1024 1024 128 74.217021 2.384186e-07 4.768315e-07
2048 1024 128 80.957874 2.384186e-07 4.768355e-07
4096 1024 128 84.248882 2.384186e-07 4.767491e-07
512 2048 128 67.242482 2.384186e-07 4.767940e-07
1024 2048 128 81.695412 2.384186e-07 4.767201e-07
2048 2048 128 85.326189 2.384186e-07 4.858687e-07
4096 2048 128 86.812693 2.384186e-07 4.797666e-07
512 4096 128 79.843228 2.384186e-07 4.767872e-07
1024 4096 128 85.116838 7.748604e-07 1.574039e-06
2048 4096 128 87.064427 2.384186e-07 4.768040e-07
4096 4096 128 
512 512 256 20.220025 2.384186e-07 4.767445e-07
1024 512 256 26.589916 2.384186e-07 4.765273e-07
2048 512 256 31.162843 2.384186e-07 4.765748e-07
4096 512 256 33.333190 8.046627e-07 1.616105e-06
512 1024 256 25.781243 2.384186e-07 4.776502e-07
1024 1024 256 31.777350 2.384186e-07 4.776365e-07
2048 1024 256 34.121799 2.384186e-07 4.768355e-07
4096 1024 256 35.169644 2.384186e-07 4.780280e-07
512 2048 256 30.921295 2.384186e-07 4.767940e-07
1024 2048 256 34.597120 2.384186e-07 4.770080e-07
2048 2048 256 35.811529 2.384186e-07 4.820761e-07
4096 2048 256 
512 4096 256 33.841561 8.046627e-07 2.912987e-06
1024 4096 256 35.651375 2.384186e-07 4.793407e-07
2048 4096 256 
4096 4096 256 
