64 64 150.221904 1.7881389999999998e-07 2.7449920000000004e-07
128 128 630.365678 1.192093e-07 3.0922790000000003e-07
192 192 1438.754302 1.7881389999999998e-07 3.020898e-07
256 256 2506.577143 1.7881389999999998e-07 3.5732269999999997e-07
320 320 3849.341419 1.7881389999999998e-07 3.5732269999999997e-07
384 384 5595.278093999999 1.7881389999999998e-07 3.422401e-07
448 448 6884.720679000001 1.7881389999999998e-07 3.426433e-07
512 512 9972.555634 1.7881389999999998e-07 3.701352e-07
576 576 11489.30442 2.384186e-07 3.701352e-07
640 640 10835.284261 1.7881389999999998e-07 3.701352e-07
704 704 11981.268812 1.7881389999999998e-07 3.701352e-07
768 768 12470.292915 2.384186e-07 3.701352e-07
832 832 12827.933597 2.384186e-07 3.701352e-07
896 896 12852.267829 2.384186e-07 3.701352e-07
960 960 13580.805847 2.384186e-07 3.8650019999999996e-07
1024 1024 13980.851771000001 2.384186e-07 3.8650019999999996e-07
1088 1088 14126.018872 2.384186e-07 3.701352e-07
1152 1152 14163.723730000002 2.384186e-07 3.8650019999999996e-07
1216 1216 14443.58653 2.384186e-07 3.8650019999999996e-07
1280 1280 14790.127274 2.384186e-07 4.0624679999999996e-07
1344 1344 14893.212765 2.384186e-07 4.0624679999999996e-07
1408 1408 14838.765787999999 2.384186e-07 4.0624679999999996e-07
1472 1472 14950.038666 2.384186e-07 4.0624679999999996e-07
1536 1536 15168.594458000001 2.384186e-07 4.0624679999999996e-07
1600 1600 15345.336512 2.384186e-07 4.0624679999999996e-07
1664 1664 15289.322878 2.384186e-07 4.0624679999999996e-07
1728 1728 15451.669421999999 2.384186e-07 4.0624679999999996e-07
1792 1792 14928.886551 2.384186e-07 4.0624679999999996e-07
1856 1856 15560.374372 2.384186e-07 4.0624679999999996e-07
1920 1920 15684.893850999999 2.384186e-07 4.0624679999999996e-07
1984 1984 15806.5073 2.384186e-07 4.0624679999999996e-07
2048 2048 15734.748931999999 2.384186e-07 4.0624679999999996e-07
2112 2112 15760.251406 2.384186e-07 4.147788e-07
2176 2176 15798.975165 2.384186e-07 4.147788e-07
2240 2240 15916.904086000002 2.384186e-07 4.147788e-07
2304 2304 15885.442092 2.384186e-07 4.0624679999999996e-07
2368 2368 15848.927309 2.384186e-07 4.147788e-07
2432 2432 15955.170059999999 2.384186e-07 4.147788e-07
2496 2496 16072.172787000001 2.384186e-07 4.147788e-07
2560 2560 16056.865859 2.384186e-07 4.147788e-07
2624 2624 16018.250153 2.384186e-07 4.4841940000000003e-07
2688 2688 16063.560455 2.384186e-07 4.147788e-07
2752 2752 16057.768897999998 2.384186e-07 4.147788e-07
2816 2816 16116.211580000001 2.384186e-07 4.147788e-07
2880 2880 16132.534431 2.384186e-07 4.147788e-07
2944 2944 16007.533542 2.384186e-07 4.6551740000000005e-07
3008 3008 16176.546908000002 2.384186e-07 4.371373e-07
3072 3072 16196.186253999998 2.384186e-07 4.371373e-07
3136 3136 15900.849393999999 2.384186e-07 4.371373e-07
3200 3200 16197.602294999999 2.384186e-07 4.371373e-07
3264 3264 16221.905438 2.384186e-07 4.371373e-07
3328 3328 16267.858753999999 2.384186e-07 4.371373e-07
3392 3392 16220.836124000001 2.384186e-07 4.371373e-07
3456 3456 16104.758388999999 2.384186e-07 4.371373e-07
3520 3520 16294.499138999998 2.384186e-07 4.371373e-07
3584 3584 16057.032491999998 2.384186e-07 4.371373e-07
3648 3648 16336.446700999999 2.384186e-07 4.371373e-07
3712 3712 16297.616486 2.384186e-07 4.371373e-07
3776 3776 16241.018833000002 2.384186e-07 4.371373e-07
3840 3840 16331.689330000001 2.384186e-07 4.394299e-07
3904 3904 16254.665843 2.384186e-07 4.394299e-07
3968 3968 16198.72758 2.384186e-07 4.6551740000000005e-07
4032 4032 16098.600565 2.384186e-07 4.394299e-07
4096 4096 16283.887363 2.384186e-07 4.394299e-07
4160 4160 16303.361968000001 2.384186e-07 4.394299e-07
4224 4224 16276.441171 2.384186e-07 4.394299e-07
4288 4288 16160.314618999999 2.384186e-07 4.394299e-07
4352 4352 16326.603165 2.384186e-07 4.394299e-07
4416 4416 16314.374355000002 2.384186e-07 4.394299e-07
4480 4480 16176.648991999999 2.384186e-07 4.6551740000000005e-07
4544 4544 16192.653809 2.384186e-07 4.394299e-07
4608 4608 16396.315423 2.384186e-07 4.394299e-07
4672 4672 16347.579882 2.384186e-07 4.394299e-07
4736 4736 16354.08831 2.384186e-07 4.394299e-07
4800 4800 16280.47989 2.384186e-07 4.394299e-07
4864 4864 16270.031568 2.384186e-07 4.394299e-07
4928 4928 16385.81474 2.384186e-07 4.394299e-07
4992 4992 16355.183448 2.384186e-07 4.394299e-07
5056 5056 16369.100055 2.384186e-07 4.394299e-07
5120 5120 16411.781026 2.384186e-07 4.394299e-07
5184 5184 16296.674486000002 2.384186e-07 4.394299e-07
5248 5248 16275.265887000001 2.384186e-07 4.394299e-07
5312 5312 16323.780291 2.384186e-07 4.394299e-07
5376 5376 16405.874063 2.384186e-07 4.394299e-07
5440 5440 16276.191352000002 2.384186e-07 4.394299e-07
5504 5504 16286.200701 2.384186e-07 4.394299e-07
5568 5568 16365.034214 2.384186e-07 4.394299e-07
5632 5632 16326.752794 2.384186e-07 4.394299e-07
5696 5696 16377.742171000002 2.384186e-07 4.394299e-07
5760 5760 16305.565637 2.384186e-07 4.394299e-07
5824 5824 16324.90514 2.384186e-07 4.394299e-07
5888 5888 16342.512881 2.384186e-07 4.6551740000000005e-07
5952 5952 16399.491846 2.384186e-07 4.6316740000000003e-07
6016 6016 16349.264924000001 2.384186e-07 4.6316740000000003e-07
6080 6080 16289.493581 2.384186e-07 4.6316740000000003e-07
6144 6144 16346.089313 5.781651e-06 1.3135279999999998e-05
6208 6208 16319.031568 2.384186e-07 4.6316740000000003e-07
6272 6272 16204.726825999998 2.384186e-07 4.6316740000000003e-07
6336 6336 16220.016641 2.384186e-07 4.6316740000000003e-07
6400 6400 16186.090896000002 2.384186e-07 4.6316740000000003e-07
6464 6464 16072.828732 2.384186e-07 4.6316740000000003e-07
6528 6528 16215.030121000002 2.384186e-07 4.6316740000000003e-07
6592 6592 16119.982625999999 2.384186e-07 4.6316740000000003e-07
6656 6656 16139.160497 5.304813e-06 1.239213e-05
6720 6720 16175.822257 2.384186e-07 4.6316740000000003e-07
6784 6784 16118.737181999999 2.384186e-07 4.6316740000000003e-07
6848 6848 16153.741677000002 2.384186e-07 4.6316740000000003e-07
6912 6912 16135.931155000002 2.384186e-07 4.6316740000000003e-07
6976 6976 16168.425319 2.384186e-07 4.6316740000000003e-07
7040 7040 16375.757141 2.384186e-07 4.6316740000000003e-07
7104 7104 16412.069628999998 2.384186e-07 4.6316740000000003e-07
7168 7168 16241.342837 2.384186e-07 4.6316740000000003e-07
7232 7232 16083.162966 2.384186e-07 4.6316740000000003e-07
7296 7296 16069.563656999999 2.384186e-07 4.6316740000000003e-07
7360 7360 16107.910340999999 2.384186e-07 4.6551740000000005e-07
7424 7424 16037.232172999999 2.384186e-07 4.6316740000000003e-07
7488 7488 16010.024157 2.384186e-07 4.6316740000000003e-07
7552 7552 16020.795147 2.384186e-07 4.654095e-07
7616 7616 16055.8252 2.384186e-07 4.654095e-07
7680 7680 16043.822565999999 2.384186e-07 4.654095e-07
7744 7744 16080.063691 2.384186e-07 4.654095e-07
7808 7808 16054.587827000001 2.384186e-07 4.654095e-07
7872 7872 16081.687736000002 2.384186e-07 4.654095e-07
7936 7936 16141.861578 2.384186e-07 4.6551740000000005e-07
8000 8000 16062.315195 2.384186e-07 4.654095e-07
8064 8064 16010.689227 2.384186e-07 4.654095e-07
8128 8128 16106.478677000001 2.384186e-07 4.654095e-07
8192 8192 16064.722044999999 5.781651e-06 1.698146e-05
