512 512 8 675.801245 1.192093e-07 4.071139e-07
1024 512 8 1230.668477 1.192093e-07 4.714458e-07
2048 512 8 1317.843045 1.192093e-07 4.598977e-07
4096 512 8 1386.659314 1.192093e-07 4.527646e-07
512 1024 8 1233.052164 1.192093e-07 4.246731e-07
1024 1024 8 1347.607383 1.192093e-07 4.515411e-07
2048 1024 8 1433.247427 1.192093e-07 4.655746e-07
4096 1024 8 1457.828190 1.192093e-07 4.644186e-07
512 2048 8 1339.024253 1.192093e-07 4.727563e-07
1024 2048 8 1441.630278 1.192093e-07 4.742011e-07
2048 2048 8 1478.443918 1.192093e-07 4.639205e-07
4096 2048 8 1491.160563 1.192093e-07 4.743539e-07
512 4096 8 1420.246888 1.192093e-07 4.599471e-07
1024 4096 8 1472.152829 1.192093e-07 4.680081e-07
2048 4096 8 1495.237573 1.192093e-07 4.744192e-07
4096 4096 8 1495.781606 1.192093e-07 4.711622e-07
512 512 16 344.919083 1.788139e-07 4.324725e-07
1024 512 16 627.295580 1.788139e-07 4.467739e-07
2048 512 16 662.012554 1.788139e-07 4.370737e-07
4096 512 16 698.853532 1.788139e-07 4.306355e-07
512 1024 16 626.264159 1.788139e-07 4.274161e-07
1024 1024 16 679.063453 1.788139e-07 4.309865e-07
2048 1024 16 722.120366 1.788139e-07 4.753717e-07
4096 1024 16 736.882134 1.788139e-07 4.360369e-07
512 2048 16 673.539191 1.788139e-07 4.700445e-07
1024 2048 16 724.665290 1.788139e-07 4.286314e-07
2048 2048 16 748.629531 1.788139e-07 4.476372e-07
4096 2048 16 753.715314 1.788139e-07 4.681258e-07
512 4096 16 717.702069 2.086163e-07 4.764315e-07
1024 4096 16 743.179290 2.086163e-07 4.652541e-07
2048 4096 16 755.865008 2.086163e-07 4.834821e-07
4096 4096 16 758.926763 2.086163e-07 5.082134e-07
512 512 32 166.603629 2.086163e-07 4.338426e-07
1024 512 32 313.294215 2.384186e-07 4.724047e-07
2048 512 32 331.768817 2.384186e-07 4.738604e-07
4096 512 32 350.565725 2.384186e-07 4.768066e-07
512 1024 32 313.449866 2.384186e-07 4.741817e-07
1024 1024 32 339.723077 2.384186e-07 4.765787e-07
2048 1024 32 362.638461 2.384186e-07 4.768089e-07
4096 1024 32 370.581529 2.384186e-07 4.772311e-07
512 2048 32 338.111561 2.384186e-07 4.762850e-07
1024 2048 32 364.039276 2.384186e-07 4.744009e-07
2048 2048 32 375.763724 2.384186e-07 4.761253e-07
4096 2048 32 378.742372 2.384186e-07 4.887742e-07
512 4096 32 358.482864 2.384186e-07 4.783174e-07
1024 4096 32 374.616724 2.384186e-07 4.756875e-07
2048 4096 32 379.717700 2.384186e-07 4.764852e-07
4096 4096 32 380.835329 2.384186e-07 5.094487e-07
512 512 64 80.859496 2.384186e-07 4.752377e-07
1024 512 64 156.339759 2.384186e-07 5.023990e-07
2048 512 64 165.903542 2.384186e-07 4.767988e-07
4096 512 64 174.562226 2.384186e-07 4.789339e-07
512 1024 64 153.702515 2.384186e-07 4.750957e-07
1024 1024 64 169.755914 2.384186e-07 4.760942e-07
2048 1024 64 180.145969 2.384186e-07 4.766900e-07
4096 1024 64 183.675505 2.384186e-07 4.767215e-07
512 2048 64 168.841752 2.384186e-07 4.767943e-07
1024 2048 64 180.785490 2.384186e-07 4.764793e-07
2048 2048 64 186.689779 2.384186e-07 4.767046e-07
4096 2048 64 187.855574 2.384186e-07 4.801963e-07
512 4096 64 179.048323 2.384186e-07 4.793528e-07
1024 4096 64 185.696705 2.384186e-07 4.767328e-07
2048 4096 64 188.441409 2.384186e-07 4.768020e-07
4096 4096 64 189.495054 2.384186e-07 4.767667e-07
512 512 128 42.862940 2.384186e-07 4.763826e-07
1024 512 128 74.939197 2.384186e-07 4.764396e-07
2048 512 128 79.680880 2.384186e-07 4.763928e-07
4096 512 128 84.220117 2.384186e-07 4.766414e-07
512 1024 128 75.224027 2.384186e-07 4.761570e-07
1024 1024 128 81.563980 2.384186e-07 4.768315e-07
2048 1024 128 86.897186 2.384186e-07 4.768355e-07
4096 1024 128 87.728791 2.384186e-07 4.767491e-07
512 2048 128 81.042493 2.384186e-07 4.767940e-07
1024 2048 128 87.285022 2.384186e-07 4.767201e-07
2048 2048 128 88.878597 2.384186e-07 4.858687e-07
4096 2048 128 88.830499 2.384186e-07 4.797666e-07
512 4096 128 86.106767 2.384186e-07 4.767872e-07
1024 4096 128 88.705567 2.384186e-07 4.793407e-07
2048 4096 128 89.014437 2.384186e-07 4.768040e-07
4096 4096 128 
512 512 256 21.701717 2.384186e-07 4.767445e-07
1024 512 256 32.609970 2.384186e-07 4.765273e-07
2048 512 256 34.140919 2.384186e-07 4.765748e-07
4096 512 256 35.524304 2.384186e-07 4.773925e-07
512 1024 256 32.442271 2.384186e-07 4.776502e-07
1024 1024 256 34.694937 2.384186e-07 4.776365e-07
2048 1024 256 36.485849 2.384186e-07 4.768355e-07
4096 1024 256 36.730588 2.384186e-07 4.780280e-07
512 2048 256 34.460896 2.384186e-07 4.767940e-07
1024 2048 256 36.680226 2.384186e-07 4.770080e-07
2048 2048 256 37.132361 2.384186e-07 4.820761e-07
4096 2048 256 
512 4096 256 36.279967 8.344650e-07 1.645701e-06
1024 4096 256 37.003295 2.384186e-07 4.793407e-07
2048 4096 256 
4096 4096 256 
