64 64 118.653099 1.7881389999999998e-07 2.7449920000000004e-07
128 128 407.989017 1.192093e-07 3.0922790000000003e-07
192 192 932.9422609999999 1.7881389999999998e-07 3.020898e-07
256 256 1658.564019 1.7881389999999998e-07 3.5732269999999997e-07
320 320 2551.210361 1.7881389999999998e-07 3.5732269999999997e-07
384 384 3658.450833 1.7881389999999998e-07 3.422401e-07
448 448 4938.445541 1.7881389999999998e-07 3.426433e-07
512 512 6562.919735 1.7881389999999998e-07 3.701352e-07
576 576 8182.469126000001 2.384186e-07 3.701352e-07
640 640 9895.453669 1.7881389999999998e-07 3.701352e-07
704 704 11957.988509 1.7881389999999998e-07 3.701352e-07
768 768 16056.015199000001 2.384186e-07 3.701352e-07
832 832 15801.074250999998 2.384186e-07 3.701352e-07
896 896 16612.817969 2.384186e-07 3.701352e-07
960 960 17304.574840999998 2.384186e-07 3.8650019999999996e-07
1024 1024 17959.770418 2.384186e-07 3.8650019999999996e-07
1088 1088 18314.982143 2.384186e-07 3.701352e-07
1152 1152 19073.487259999998 2.384186e-07 3.8650019999999996e-07
1216 1216 19505.745617 2.384186e-07 3.8650019999999996e-07
1280 1280 19612.839043 2.384186e-07 4.0624679999999996e-07
1344 1344 19791.547172 2.384186e-07 4.0624679999999996e-07
1408 1408 20156.261182 2.384186e-07 4.0624679999999996e-07
1472 1472 20383.584594 2.384186e-07 4.0624679999999996e-07
1536 1536 20458.711388 2.384186e-07 4.0624679999999996e-07
1600 1600 20553.325595 2.384186e-07 4.0624679999999996e-07
1664 1664 20729.383324000002 2.384186e-07 4.0624679999999996e-07
1728 1728 20877.734867 2.384186e-07 4.0624679999999996e-07
1792 1792 20972.809065 2.384186e-07 4.0624679999999996e-07
1856 1856 20913.691839 2.384186e-07 4.0624679999999996e-07
1920 1920 21088.620423 2.384186e-07 4.0624679999999996e-07
1984 1984 21214.838022 2.384186e-07 4.0624679999999996e-07
2048 2048 21206.568091999998 2.384186e-07 4.0624679999999996e-07
2112 2112 21277.0206 2.384186e-07 4.147788e-07
2176 2176 21469.278537000002 2.384186e-07 4.147788e-07
2240 2240 21514.752123 2.384186e-07 4.147788e-07
2304 2304 21570.015104 2.384186e-07 4.0624679999999996e-07
2368 2368 21597.68525 2.384186e-07 4.147788e-07
2432 2432 21652.604241 2.384186e-07 4.147788e-07
2496 2496 21874.285497 2.384186e-07 4.147788e-07
2560 2560 21860.729065 2.384186e-07 4.147788e-07
2624 2624 21781.610286000003 2.384186e-07 4.4841940000000003e-07
2688 2688 21890.456935 2.384186e-07 4.147788e-07
2752 2752 21894.26746 2.384186e-07 4.147788e-07
2816 2816 22045.535264 2.384186e-07 4.147788e-07
2880 2880 21982.817822 2.384186e-07 4.147788e-07
2944 2944 22034.051203 2.384186e-07 4.6551740000000005e-07
3008 3008 22070.890646 2.384186e-07 4.371373e-07
3072 3072 22217.043728 2.384186e-07 4.371373e-07
3136 3136 22123.401966999998 2.384186e-07 4.371373e-07
3200 3200 22168.161808 2.384186e-07 4.371373e-07
3264 3264 22256.678459 2.384186e-07 4.371373e-07
3328 3328 22249.6575 2.384186e-07 4.371373e-07
3392 3392 22212.862366999998 2.384186e-07 4.371373e-07
3456 3456 22318.734211000003 2.384186e-07 4.371373e-07
3520 3520 22371.964288 2.384186e-07 4.371373e-07
3584 3584 22377.27261 2.384186e-07 4.371373e-07
3648 3648 22339.494301 2.384186e-07 4.371373e-07
3712 3712 22333.173028 2.384186e-07 4.371373e-07
3776 3776 22347.629366 2.384186e-07 4.371373e-07
3840 3840 22351.741596 2.384186e-07 4.394299e-07
3904 3904 22360.568938999997 2.384186e-07 4.394299e-07
3968 3968 22380.487864 2.384186e-07 4.6551740000000005e-07
4032 4032 22410.498142 2.384186e-07 4.394299e-07
4096 4096 22462.621852 2.384186e-07 4.394299e-07
4160 4160 22459.721052 2.384186e-07 4.394299e-07
4224 4224 22479.655359 2.384186e-07 4.394299e-07
4288 4288 22449.103863 2.384186e-07 4.394299e-07
4352 4352 22401.779644 2.384186e-07 4.394299e-07
4416 4416 22416.408425 2.384186e-07 4.394299e-07
4480 4480 22471.769744 2.384186e-07 4.6551740000000005e-07
4544 4544 22496.361397999997 2.384186e-07 4.394299e-07
4608 4608 22456.721994 2.384186e-07 4.394299e-07
4672 4672 22466.334357 2.384186e-07 4.394299e-07
4736 4736 22524.565334 2.384186e-07 4.394299e-07
4800 4800 22468.766713999998 2.384186e-07 4.394299e-07
4864 4864 22537.977737999998 2.384186e-07 4.394299e-07
4928 4928 22500.338088999997 2.384186e-07 4.394299e-07
4992 4992 22493.330213 2.384186e-07 4.394299e-07
5056 5056 22515.155605 2.384186e-07 4.394299e-07
5120 5120 22563.828203 2.384186e-07 4.394299e-07
5184 5184 22454.898611 2.384186e-07 4.394299e-07
5248 5248 22531.645443999998 2.384186e-07 4.394299e-07
5312 5312 22534.257159 2.384186e-07 4.394299e-07
5376 5376 22592.332552 2.384186e-07 4.394299e-07
5440 5440 22514.667521 2.384186e-07 4.394299e-07
5504 5504 22491.631643 2.384186e-07 4.394299e-07
5568 5568 22487.106088999997 2.384186e-07 4.394299e-07
5632 5632 22522.883975 2.384186e-07 4.394299e-07
5696 5696 22472.271088999998 2.384186e-07 4.394299e-07
5760 5760 22504.769979 2.384186e-07 4.394299e-07
5824 5824 22547.828595 2.384186e-07 4.394299e-07
5888 5888 22525.184201 2.384186e-07 4.6551740000000005e-07
5952 5952 22530.359607 2.384186e-07 4.6316740000000003e-07
6016 6016 22582.517875999998 2.384186e-07 4.6316740000000003e-07
6080 6080 22516.445021 2.384186e-07 4.6316740000000003e-07
6144 6144 22564.986058000002 2.384186e-07 4.6316740000000003e-07
6208 6208 22582.412347999998 2.384186e-07 4.6316740000000003e-07
6272 6272 22578.796975999998 2.384186e-07 4.6316740000000003e-07
6336 6336 22555.32446 6.109476e-06 1.590865e-05
6400 6400 22585.536655 5.364417999999999e-06 1.702021e-05
6464 6464 22527.339653 2.384186e-07 4.6316740000000003e-07
6528 6528 22591.137819 2.384186e-07 4.6316740000000003e-07
6592 6592 22548.542855 2.384186e-07 4.6316740000000003e-07
6656 6656 22561.114915000002 5.483627e-06 1.613562e-05
6720 6720 22570.052957 2.384186e-07 4.6316740000000003e-07
6784 6784 22561.289757 2.384186e-07 4.6316740000000003e-07
6848 6848 22563.350694999997 2.384186e-07 4.6316740000000003e-07
6912 6912 22604.46592 2.384186e-07 4.6316740000000003e-07
6976 6976 22532.771163999998 2.384186e-07 4.6316740000000003e-07
7040 7040 22566.65421 2.384186e-07 4.6316740000000003e-07
7104 7104 22557.537712 2.384186e-07 4.6316740000000003e-07
7168 7168 22552.343257 2.384186e-07 4.6316740000000003e-07
7232 7232 22364.430463999997 2.384186e-07 4.6316740000000003e-07
7296 7296 22349.564279 2.384186e-07 4.6316740000000003e-07
7360 7360 22342.503306 2.384186e-07 4.6551740000000005e-07
7424 7424 22368.208137999998 2.384186e-07 4.6316740000000003e-07
7488 7488 22352.278137999998 2.384186e-07 4.6316740000000003e-07
7552 7552 22387.1898 2.384186e-07 4.654095e-07
7616 7616 22374.059595 2.384186e-07 4.654095e-07
7680 7680 22362.94558 2.384186e-07 4.654095e-07
7744 7744 22356.544665999998 2.384186e-07 4.654095e-07
7808 7808 22397.836628 2.384186e-07 4.654095e-07
7872 7872 22370.94071 2.384186e-07 4.654095e-07
7936 7936 22346.382026 2.384186e-07 4.6551740000000005e-07
8000 8000 22357.331121 2.384186e-07 4.654095e-07
8064 8064 22357.602643000002 2.384186e-07 4.654095e-07
8128 8128 22391.409401 2.384186e-07 4.654095e-07
8192 8192 22370.964174 2.384186e-07 4.654095e-07
