32 32 32 0.878165 1.192093e-07 3.415090e-07
64 32 32 1.736665 1.788139e-07 4.171285e-07
128 32 32 3.454302 1.490116e-07 3.543137e-07
256 32 32 6.888538 1.490116e-07 4.453035e-07
512 32 32 14.104784 1.490116e-07 3.901317e-07
32 64 32 1.716660 1.788139e-07 3.689942e-07
64 64 32 3.476202 1.788139e-07 3.572142e-07
128 64 32 7.246768 1.490116e-07 3.754519e-07
256 64 32 14.244685 1.788139e-07 4.111805e-07
512 64 32 28.727163 2.384186e-07 4.635541e-07
32 128 32 3.586383 1.490116e-07 3.482488e-07
64 128 32 7.207143 1.788139e-07 4.094814e-07
128 128 32 14.046714 1.788139e-07 4.234321e-07
256 128 32 28.212813 1.788139e-07 4.085091e-07
512 128 32 54.817171 1.788139e-07 4.132915e-07
32 256 32 7.303049 1.788139e-07 3.653722e-07
64 256 32 14.086194 1.788139e-07 4.177055e-07
128 256 32 28.129984 1.788139e-07 4.222748e-07
256 256 32 57.217137 1.788139e-07 4.232539e-07
512 256 32 114.863608 2.384186e-07 4.732719e-07
32 512 32 14.258477 1.788139e-07 4.237460e-07
64 512 32 27.675582 1.788139e-07 4.258053e-07
128 512 32 54.963607 2.384186e-07 4.737099e-07
256 512 32 115.015997 1.788139e-07 4.191373e-07
512 512 32 215.301711 2.086163e-07 4.338426e-07
32 32 64 0.418035 1.192093e-07 3.481359e-07
64 32 64 0.870705 1.788139e-07 3.580169e-07
128 32 64 1.787313 1.788139e-07 3.561423e-07
256 32 64 3.591184 1.788139e-07 3.571657e-07
512 32 64 7.241168 2.384186e-07 4.718511e-07
32 64 64 0.868394 1.490116e-07 3.659682e-07
64 64 64 1.774002 1.788139e-07 4.045457e-07
128 64 64 3.577788 2.384186e-07 4.752680e-07
256 64 64 7.205973 1.788139e-07 4.257539e-07
512 64 64 14.191685 2.384186e-07 4.676371e-07
32 128 64 1.732805 1.788139e-07 3.893240e-07
64 128 64 3.497620 1.788139e-07 3.964931e-07
128 128 64 7.170590 2.086163e-07 4.303524e-07
256 128 64 14.552846 2.384186e-07 4.753405e-07
512 128 64 28.246949 2.384186e-07 4.746821e-07
32 256 64 3.527166 1.788139e-07 4.131832e-07
64 256 64 7.180949 1.788139e-07 4.038095e-07
128 256 64 14.381116 2.384186e-07 4.740105e-07
256 256 64 28.287220 2.384186e-07 4.719640e-07
512 256 64 56.493031 2.384186e-07 4.742444e-07
32 512 64 7.079924 1.788139e-07 3.723871e-07
64 512 64 14.019889 2.384186e-07 4.713295e-07
128 512 64 28.818287 2.384186e-07 4.710419e-07
256 512 64 55.693864 2.384186e-07 4.746774e-07
512 512 64 108.298584 2.384186e-07 4.752377e-07
32 32 128 0.221814 1.490116e-07 3.438891e-07
64 32 128 0.455368 1.788139e-07 4.197071e-07
128 32 128 0.895925 1.788139e-07 3.574593e-07
256 32 128 1.735195 1.788139e-07 4.010681e-07
512 32 128 3.609698 1.788139e-07 4.270574e-07
32 64 128 0.451209 1.788139e-07 3.659682e-07
64 64 128 0.869557 1.788139e-07 4.045457e-07
128 64 128 1.806481 2.384186e-07 4.758120e-07
256 64 128 3.594771 2.384186e-07 4.724470e-07
512 64 128 7.029449 2.384186e-07 4.707765e-07
32 128 128 0.882430 1.788139e-07 4.145373e-07
64 128 128 1.777627 2.384186e-07 4.710926e-07
128 128 128 3.553658 2.384186e-07 4.742348e-07
256 128 128 6.885427 2.384186e-07 4.742463e-07
512 128 128 14.262772 2.384186e-07 4.760054e-07
32 256 128 1.782569 1.788139e-07 4.100671e-07
64 256 128 3.535181 2.384186e-07 4.754230e-07
128 256 128 7.187198 2.384186e-07 4.760410e-07
256 256 128 14.026545 2.384186e-07 4.743981e-07
512 256 128 28.604513 2.384186e-07 4.765628e-07
32 512 128 3.576563 1.788139e-07 4.317368e-07
64 512 128 6.886670 2.384186e-07 4.692001e-07
128 512 128 14.527283 2.384186e-07 5.121324e-07
256 512 128 28.749012 2.384186e-07 4.749893e-07
512 512 128 52.219995 2.384186e-07 4.763826e-07
32 32 256 0.113078 1.788139e-07 3.584095e-07
64 32 256 0.220523 1.788139e-07 4.197071e-07
128 32 256 0.446810 1.788139e-07 3.627449e-07
256 32 256 0.903093 1.788139e-07 4.253304e-07
512 32 256 1.821988 1.788139e-07 4.389246e-07
32 64 256 0.225343 1.788139e-07 3.659682e-07
64 64 256 0.453029 1.788139e-07 4.045457e-07
128 64 256 0.885585 2.384186e-07 4.758120e-07
256 64 256 1.771244 2.384186e-07 4.724470e-07
512 64 256 3.521296 2.384186e-07 4.722182e-07
32 128 256 0.442663 1.788139e-07 4.295436e-07
64 128 256 0.861470 2.384186e-07 4.710926e-07
128 128 256 1.797425 2.384186e-07 4.742348e-07
256 128 256 3.501283 2.384186e-07 4.742463e-07
512 128 256 7.188926 2.384186e-07 4.765521e-07
32 256 256 0.883166 1.788139e-07 4.089206e-07
64 256 256 1.741840 2.384186e-07 4.746089e-07
128 256 256 3.602965 2.384186e-07 4.748655e-07
256 256 256 7.097441 2.384186e-07 4.762825e-07
512 256 256 14.422891 2.384186e-07 4.765628e-07
32 512 256 1.756632 2.384186e-07 4.724257e-07
64 512 256 3.590225 2.384186e-07 4.736870e-07
128 512 256 7.077586 2.384186e-07 4.758476e-07
256 512 256 14.215593 2.384186e-07 4.763592e-07
512 512 256 23.514472 2.384186e-07 4.767445e-07
