512 512 8 834.625659 1.192093e-07 3.661805e-07
1024 512 8 1449.207891 1.192093e-07 3.864952e-07
2048 512 8 1598.001766 1.192093e-07 4.015919e-07
4096 512 8 1690.752568 1.192093e-07 3.721149e-07
512 1024 8 1472.832356 1.192093e-07 3.740315e-07
1024 1024 8 1620.436887 1.192093e-07 3.696143e-07
2048 1024 8 1806.720349 1.192093e-07 4.090908e-07
4096 1024 8 1888.301382 1.192093e-07 3.877271e-07
512 2048 8 1596.582632 1.192093e-07 3.699282e-07
1024 2048 8 1821.982929 1.192093e-07 3.959874e-07
2048 2048 8 1967.085596 1.192093e-07 3.934716e-07
4096 2048 8 2001.010332 1.192093e-07 4.147263e-07
512 4096 8 1748.206488 1.192093e-07 3.943788e-07
1024 4096 8 1930.280905 1.192093e-07 3.898298e-07
2048 4096 8 2033.580371 1.192093e-07 4.136859e-07
4096 4096 8 2045.442822 1.192093e-07 4.437093e-07
512 512 16 425.834439 1.490116e-07 4.140336e-07
1024 512 16 750.238301 1.490116e-07 4.162021e-07
2048 512 16 801.974389 1.490116e-07 4.237509e-07
4096 512 16 857.415792 1.490116e-07 4.241693e-07
512 1024 16 763.244073 1.490116e-07 4.095928e-07
1024 1024 16 814.293168 1.490116e-07 4.227078e-07
2048 1024 16 923.729460 1.490116e-07 4.147480e-07
4096 1024 16 969.429475 1.490116e-07 4.309713e-07
512 2048 16 800.299184 1.490116e-07 4.234532e-07
1024 2048 16 930.520101 1.490116e-07 4.176490e-07
2048 2048 16 1004.554055 1.788139e-07 4.210683e-07
4096 2048 16 1021.006589 1.490116e-07 4.292760e-07
512 4096 16 905.223358 1.490116e-07 4.267538e-07
1024 4096 16 992.324122 1.788139e-07 4.298199e-07
2048 4096 16 1037.122858 1.788139e-07 4.288098e-07
4096 4096 16 1048.193278 1.490116e-07 4.248603e-07
512 512 32 213.657197 1.788139e-07 4.112751e-07
1024 512 32 375.685505 1.788139e-07 4.175454e-07
2048 512 32 406.219964 1.788139e-07 4.159102e-07
4096 512 32 431.133475 2.086163e-07 4.337573e-07
512 1024 32 381.556249 1.788139e-07 4.073436e-07
1024 1024 32 412.046040 1.788139e-07 4.193390e-07
2048 1024 32 462.736880 2.384186e-07 4.724199e-07
4096 1024 32 482.975373 1.788139e-07 4.312473e-07
512 2048 32 405.100497 1.788139e-07 4.181273e-07
1024 2048 32 465.786652 2.384186e-07 4.706431e-07
2048 2048 32 502.316729 1.788139e-07 4.362273e-07
4096 2048 32 512.794199 1.788139e-07 4.262361e-07
512 4096 32 453.334812 1.788139e-07 4.547542e-07
1024 4096 32 496.988014 2.384186e-07 4.745787e-07
2048 4096 32 520.385854 2.384186e-07 4.670669e-07
4096 4096 32 523.378303 2.384186e-07 4.719086e-07
512 512 64 107.497943 1.788139e-07 4.166351e-07
1024 512 64 184.629482 2.384186e-07 4.709367e-07
2048 512 64 198.271842 2.384186e-07 4.736281e-07
4096 512 64 212.503113 2.384186e-07 4.682741e-07
512 1024 64 186.774858 1.788139e-07 4.121350e-07
1024 1024 64 199.343668 2.384186e-07 4.745435e-07
2048 1024 64 227.389159 1.788139e-07 4.163906e-07
4096 1024 64 236.759504 2.384186e-07 4.737952e-07
512 2048 64 197.705724 2.086163e-07 4.713008e-07
1024 2048 64 228.589790 2.384186e-07 4.679115e-07
2048 2048 64 245.336029 2.384186e-07 4.685809e-07
4096 2048 64 251.282578 2.384186e-07 4.758352e-07
512 4096 64 223.339275 2.384186e-07 4.646326e-07
1024 4096 64 243.485889 2.384186e-07 4.720450e-07
2048 4096 64 255.198051 2.384186e-07 4.758925e-07
4096 4096 64 256.601410 2.384186e-07 4.744163e-07
512 512 128 53.479299 1.788139e-07 4.166351e-07
1024 512 128 85.283050 1.788139e-07 4.114630e-07
2048 512 128 91.840496 2.384186e-07 4.708002e-07
4096 512 128 96.628362 2.384186e-07 4.670347e-07
512 1024 128 86.432121 2.384186e-07 4.694786e-07
1024 1024 128 93.314146 1.788139e-07 4.133750e-07
2048 1024 128 102.804824 2.384186e-07 4.726436e-07
4096 1024 128 107.040487 2.384186e-07 4.734563e-07
512 2048 128 91.552536 2.086163e-07 4.202301e-07
1024 2048 128 103.587084 2.384186e-07 4.725859e-07
2048 2048 128 111.087851 2.384186e-07 4.759424e-07
4096 2048 128 112.485066 2.384186e-07 4.734001e-07
512 4096 128 100.971675 2.384186e-07 4.740819e-07
1024 4096 128 109.890911 2.384186e-07 4.708077e-07
2048 4096 128 114.408764 2.384186e-07 4.741504e-07
4096 4096 128 
512 512 256 26.926717 1.788139e-07 4.166351e-07
1024 512 256 33.207569 1.788139e-07 4.114630e-07
2048 512 256 34.966758 2.384186e-07 4.708002e-07
4096 512 256 36.332492 2.384186e-07 4.713788e-07
512 1024 256 33.494917 2.384186e-07 4.726813e-07
1024 1024 256 35.448136 2.384186e-07 4.719329e-07
2048 1024 256 38.156879 2.384186e-07 4.698373e-07
4096 1024 256 38.917356 2.384186e-07 4.734563e-07
512 2048 256 34.983426 2.384186e-07 4.630652e-07
1024 2048 256 38.349429 2.384186e-07 4.739013e-07
2048 2048 256 39.824177 2.384186e-07 4.759424e-07
4096 2048 256 
512 4096 256 37.580527 2.384186e-07 4.757093e-07
1024 4096 256 39.450821 2.384186e-07 4.712695e-07
2048 4096 256 
4096 4096 256 
