64 64 193.229016 1.192093e-07 2.281470e-07
128 128 772.475919 1.192093e-07 2.146479e-07
192 192 1725.741390 1.192093e-07 2.468887e-07
256 256 3093.084380 1.192093e-07 2.927192e-07
320 320 3941.367824 1.192093e-07 3.014602e-07
384 384 6941.137824 1.192093e-07 3.014602e-07
448 448 9397.164640 1.788139e-07 2.927192e-07
512 512 12474.969983 1.788139e-07 3.014602e-07
576 576 15622.840102 1.192093e-07 3.014602e-07
640 640 18039.005468 1.788139e-07 3.014602e-07
704 704 18134.626030 1.788139e-07 3.140798e-07
768 768 18317.683301 1.788139e-07 3.140798e-07
832 832 17060.698997 1.788139e-07 3.140798e-07
896 896 16447.216366 1.788139e-07 3.015011e-07
960 960 17217.575779 1.788139e-07 3.442676e-07
1024 1024 18207.730223 1.788139e-07 3.442676e-07
1088 1088 19155.634759 1.788139e-07 3.442676e-07
1152 1152 19922.286933 1.788139e-07 3.547088e-07
1216 1216 20406.384128 1.788139e-07 3.442676e-07
1280 1280 19733.670278 1.788139e-07 3.442676e-07
1344 1344 19839.132886 1.788139e-07 3.354994e-07
1408 1408 20538.314332 1.788139e-07 3.442676e-07
1472 1472 21051.731474 1.788139e-07 3.442676e-07
1536 1536 21159.147269 1.788139e-07 3.442676e-07
1600 1600 20729.475349 1.788139e-07 3.479788e-07
1664 1664 21161.041544 1.788139e-07 3.479788e-07
1728 1728 21460.995557 1.788139e-07 3.479788e-07
1792 1792 21681.807153 1.788139e-07 3.479788e-07
1856 1856 21442.888227 1.788139e-07 3.408219e-07
1920 1920 21685.620744 2.384186e-07 3.479788e-07
1984 1984 21603.554119 2.384186e-07 3.479788e-07
2048 2048 22083.620051 2.384186e-07 3.479788e-07
2112 2112 21646.732678 2.384186e-07 3.479788e-07
2176 2176 21974.171806 2.384186e-07 3.479788e-07
2240 2240 22030.730171 2.384186e-07 3.479788e-07
2304 2304 22253.711549 2.384186e-07 3.547088e-07
2368 2368 22138.317006 2.384186e-07 3.442676e-07
2432 2432 22233.025566 2.384186e-07 3.479788e-07
2496 2496 22328.500955 2.384186e-07 3.479788e-07
2560 2560 22442.447374 2.384186e-07 3.479788e-07
2624 2624 22423.445143 2.384186e-07 3.510909e-07
2688 2688 22460.641155 2.384186e-07 3.510909e-07
2752 2752 22430.348110 1.788139e-07 3.564937e-07
2816 2816 22476.002295 2.384186e-07 3.510909e-07
2880 2880 22433.590071 2.384186e-07 3.510909e-07
2944 2944 22540.682130 2.384186e-07 3.510909e-07
3008 3008 22472.025462 2.384186e-07 3.510909e-07
3072 3072 22627.078942 2.384186e-07 3.510909e-07
3136 3136 22519.668116 2.384186e-07 3.510909e-07
3200 3200 22507.732912 2.384186e-07 3.817732e-07
3264 3264 22516.621845 2.384186e-07 3.817732e-07
3328 3328 22560.096540 2.384186e-07 3.817732e-07
3392 3392 22542.951684 2.384186e-07 3.817732e-07
3456 3456 22543.286151 2.384186e-07 3.817732e-07
3520 3520 22547.383063 2.384186e-07 3.817732e-07
3584 3584 22593.532772 2.384186e-07 3.817732e-07
3648 3648 22529.402454 2.384186e-07 3.561962e-07
3712 3712 22611.795220 2.384186e-07 3.817732e-07
3776 3776 22569.772680 2.384186e-07 3.817732e-07
3840 3840 22626.147001 2.384186e-07 3.817732e-07
3904 3904 22570.724430 2.384186e-07 3.817732e-07
3968 3968 22579.437202 2.384186e-07 3.817732e-07
4032 4032 22691.176623 2.384186e-07 3.817732e-07
4096 4096 23202.582442 2.384186e-07 3.817732e-07
4160 4160 22603.422706 2.384186e-07 3.817732e-07
4224 4224 22669.847555 2.384186e-07 3.817732e-07
4288 4288 22727.085874 2.384186e-07 3.817732e-07
4352 4352 22830.652416 2.384186e-07 3.817732e-07
4416 4416 22746.356934 2.384186e-07 3.817732e-07
4480 4480 22848.038951 2.384186e-07 3.817732e-07
4544 4544 22868.791522 2.384186e-07 3.817732e-07
4608 4608 22901.177453 2.384186e-07 3.817732e-07
4672 4672 22941.829967 2.384186e-07 3.817732e-07
4736 4736 22942.564116 2.384186e-07 3.817732e-07
4800 4800 22980.681117 2.384186e-07 3.817732e-07
4864 4864 23000.394342 2.384186e-07 3.817732e-07
4928 4928 23003.718717 2.384186e-07 3.817732e-07
4992 4992 23054.454329 2.384186e-07 3.817732e-07
5056 5056 22972.194115 2.384186e-07 3.817732e-07
5120 5120 23031.015599 2.384186e-07 3.817732e-07
5184 5184 23083.727277 2.384186e-07 3.817732e-07
5248 5248 23124.057488 2.384186e-07 3.817732e-07
5312 5312 23161.405953 2.384186e-07 3.817732e-07
5376 5376 23208.944333 2.384186e-07 3.817732e-07
5440 5440 23124.261277 2.384186e-07 3.612904e-07
5504 5504 23221.792860 2.384186e-07 3.817732e-07
5568 5568 23281.727869 2.384186e-07 3.817732e-07
5632 5632 23263.896273 2.384186e-07 3.817732e-07
5696 5696 23301.312873 2.384186e-07 3.817732e-07
5760 5760 23345.986441 2.384186e-07 3.817732e-07
5824 5824 23365.305572 2.384186e-07 3.817732e-07
5888 5888 23348.926204 2.384186e-07 3.817732e-07
5952 5952 23362.173812 2.384186e-07 3.817732e-07
6016 6016 23379.521375 2.384186e-07 3.817732e-07
6080 6080 23336.723653 2.384186e-07 3.817732e-07
6144 6144 23672.121052 2.384186e-07 3.817732e-07
6208 6208 23369.559824 2.384186e-07 3.817732e-07
6272 6272 23371.210914 2.384186e-07 3.817732e-07
6336 6336 23423.587459 2.384186e-07 3.817732e-07
6400 6400 23444.372381 2.384186e-07 3.817732e-07
6464 6464 23426.472896 2.384186e-07 3.817732e-07
6528 6528 23417.087142 2.384186e-07 3.817732e-07
6592 6592 23464.358594 2.384186e-07 3.817732e-07
6656 6656 23366.642317 2.384186e-07 3.817732e-07
6720 6720 23439.918191 2.384186e-07 3.817732e-07
6784 6784 23479.784929 2.384186e-07 3.817732e-07
6848 6848 23491.322206 2.384186e-07 3.817732e-07
6912 6912 23467.534719 2.384186e-07 3.817732e-07
6976 6976 23492.293161 2.384186e-07 3.817732e-07
7040 7040 23528.236117 2.384186e-07 3.817732e-07
7104 7104 23504.012165 2.384186e-07 3.817732e-07
7168 7168 23366.851142 2.384186e-07 3.817732e-07
7232 7232 23526.305586 2.384186e-07 3.817732e-07
7296 7296 23532.552394 2.384186e-07 3.817732e-07
7360 7360 23558.911468 2.384186e-07 3.817732e-07
7424 7424 23529.532103 2.384186e-07 3.817732e-07
7488 7488 23548.932631 2.384186e-07 3.817732e-07
7552 7552 23571.143725 2.384186e-07 3.817732e-07
7616 7616 23594.480604 2.384186e-07 3.817732e-07
7680 7680 23597.875437 2.384186e-07 3.817732e-07
7744 7744 23600.302159 2.384186e-07 3.817732e-07
7808 7808 23623.742098 2.384186e-07 3.817732e-07
7872 7872 23613.768211 2.384186e-07 3.817732e-07
7936 7936 23640.542681 2.384186e-07 3.817732e-07
8000 8000 23628.846206 2.384186e-07 3.817732e-07
8064 8064 23602.197504 2.384186e-07 3.817732e-07
8128 8128 23626.546522 2.384186e-07 3.817732e-07
8192 8192 23716.186898 2.384186e-07 3.817732e-07
