512 512 8 840.859692 1.192093e-07 4.071139e-07
1024 512 8 1044.782005 1.192093e-07 4.714458e-07
2048 512 8 1198.521188 1.192093e-07 4.598977e-07
4096 512 8 1303.648825 1.192093e-07 4.527646e-07
512 1024 8 1040.996698 1.192093e-07 4.246731e-07
1024 1024 8 1230.421808 1.192093e-07 4.515411e-07
2048 1024 8 1345.015586 1.192093e-07 4.655746e-07
4096 1024 8 1405.774048 1.192093e-07 4.644186e-07
512 2048 8 1217.594209 1.192093e-07 4.727563e-07
1024 2048 8 1356.597477 1.192093e-07 4.742011e-07
2048 2048 8 1434.654415 1.192093e-07 4.639205e-07
4096 2048 8 1468.532520 1.192093e-07 4.743539e-07
512 4096 8 1331.968858 1.192093e-07 4.599471e-07
1024 4096 8 1426.623823 1.192093e-07 4.680081e-07
2048 4096 8 1471.559241 1.192093e-07 4.744192e-07
4096 4096 8 1486.817372 1.192093e-07 4.711622e-07
512 512 16 415.614024 1.788139e-07 4.324725e-07
1024 512 16 518.741968 1.788139e-07 4.467739e-07
2048 512 16 599.475147 1.788139e-07 4.370737e-07
4096 512 16 650.935773 1.788139e-07 4.306355e-07
512 1024 16 517.384474 1.788139e-07 4.274161e-07
1024 1024 16 613.860849 1.788139e-07 4.309865e-07
2048 1024 16 672.353471 1.788139e-07 4.753717e-07
4096 1024 16 699.338794 1.788139e-07 4.360369e-07
512 2048 16 607.792938 1.788139e-07 4.700445e-07
1024 2048 16 678.348488 1.788139e-07 4.286314e-07
2048 2048 16 717.703788 1.788139e-07 4.476372e-07
4096 2048 16 736.810679 1.788139e-07 4.681258e-07
512 4096 16 665.258369 2.086163e-07 4.764315e-07
1024 4096 16 711.451504 2.086163e-07 4.652541e-07
2048 4096 16 739.315840 2.086163e-07 4.834821e-07
4096 4096 16 744.768597 2.086163e-07 5.082134e-07
512 512 32 213.917721 2.086163e-07 4.338426e-07
1024 512 32 259.699481 2.384186e-07 4.724047e-07
2048 512 32 300.726905 2.384186e-07 4.738604e-07
4096 512 32 328.311975 7.748604e-07 1.541575e-06
512 1024 32 259.180626 2.384186e-07 4.741817e-07
1024 1024 32 307.739897 2.384186e-07 4.765787e-07
2048 1024 32 340.369507 2.384186e-07 4.768089e-07
4096 1024 32 355.167374 2.384186e-07 4.772311e-07
512 2048 32 303.836128 2.384186e-07 4.762850e-07
1024 2048 32 342.070728 2.384186e-07 4.744009e-07
2048 2048 32 362.175177 2.384186e-07 4.761253e-07
4096 2048 32 370.302939 2.384186e-07 4.887742e-07
512 4096 32 335.688908 2.384186e-07 4.783174e-07
1024 4096 32 359.287689 2.384186e-07 4.756875e-07
2048 4096 32 371.179677 2.384186e-07 4.764852e-07
4096 4096 32 374.764940 2.384186e-07 5.094487e-07
512 512 64 105.369781 2.384186e-07 4.752377e-07
1024 512 64 132.063142 2.384186e-07 5.023990e-07
2048 512 64 150.575963 2.384186e-07 4.767988e-07
4096 512 64 162.616892 8.046627e-07 2.025964e-06
512 1024 64 131.453371 2.384186e-07 4.750957e-07
1024 1024 64 154.897947 2.384186e-07 4.760942e-07
2048 1024 64 168.161690 2.384186e-07 4.766900e-07
4096 1024 64 176.202505 2.384186e-07 4.767215e-07
512 2048 64 153.049161 2.384186e-07 4.767943e-07
1024 2048 64 170.240580 2.384186e-07 4.764793e-07
2048 2048 64 180.210877 2.384186e-07 4.767046e-07
4096 2048 64 184.659622 2.384186e-07 4.801963e-07
512 4096 64 167.502642 2.384186e-07 4.793528e-07
1024 4096 64 178.557292 2.384186e-07 4.767328e-07
2048 4096 64 185.260646 2.384186e-07 4.768020e-07
4096 4096 64 186.867491 7.748604e-07 1.554342e-06
512 512 128 51.169229 2.384186e-07 4.763826e-07
1024 512 128 62.300338 2.384186e-07 4.764396e-07
2048 512 128 72.045723 2.384186e-07 4.763928e-07
4096 512 128 78.297283 7.748604e-07 1.556378e-06
512 1024 128 62.239427 2.384186e-07 4.761570e-07
1024 1024 128 73.515759 2.384186e-07 4.768315e-07
2048 1024 128 80.538927 2.384186e-07 4.768355e-07
4096 1024 128 83.943840 7.152557e-07 1.447153e-06
512 2048 128 73.080039 2.384186e-07 4.767940e-07
1024 2048 128 81.247455 2.384186e-07 4.767201e-07
2048 2048 128 85.449268 2.384186e-07 4.858687e-07
4096 2048 128 86.444541 2.384186e-07 4.797666e-07
512 4096 128 79.879223 7.748604e-07 1.840802e-06
1024 4096 128 84.965261 2.384186e-07 4.793407e-07
2048 4096 128 86.730522 6.556511e-07 1.394424e-06
4096 4096 128 
512 512 256 23.675779 2.384186e-07 4.767445e-07
1024 512 256 27.623045 2.384186e-07 4.765273e-07
2048 512 256 31.081856 2.384186e-07 4.765748e-07
4096 512 256 33.257916 7.748604e-07 2.298341e-06
512 1024 256 27.405515 2.384186e-07 4.776502e-07
1024 1024 256 31.608416 2.384186e-07 4.776365e-07
2048 1024 256 34.080741 2.384186e-07 4.768355e-07
4096 1024 256 34.909592 7.748604e-07 1.561204e-06
512 2048 256 31.368350 2.384186e-07 4.767940e-07
1024 2048 256 34.306204 2.384186e-07 4.770080e-07
2048 2048 256 35.506785 2.384186e-07 4.820761e-07
4096 2048 256 
512 4096 256 33.847623 7.748604e-07 1.566998e-06
1024 4096 256 35.403752 2.384186e-07 4.793407e-07
2048 4096 256 
4096 4096 256 
