512 512 8 839.936456 1.192093e-07 4.071139e-07
1024 512 8 1050.717783 1.192093e-07 4.714458e-07
2048 512 8 1207.479033 1.192093e-07 4.598977e-07
4096 512 8 1307.992509 6.556511e-07 2.130588e-06
512 1024 8 1043.996301 1.192093e-07 4.246731e-07
1024 1024 8 1230.738028 1.192093e-07 4.515411e-07
2048 1024 8 1347.282727 1.192093e-07 4.655746e-07
4096 1024 8 1405.153518 1.192093e-07 4.644186e-07
512 2048 8 1215.190249 1.192093e-07 4.727563e-07
1024 2048 8 1354.876527 1.192093e-07 4.742011e-07
2048 2048 8 1430.392345 1.192093e-07 4.639205e-07
4096 2048 8 1461.285771 1.192093e-07 4.743539e-07
512 4096 8 1327.155746 1.192093e-07 4.599471e-07
1024 4096 8 1422.826356 1.192093e-07 4.680081e-07
2048 4096 8 1459.943875 1.192093e-07 4.744192e-07
4096 4096 8 1476.743954 1.192093e-07 4.711622e-07
512 512 16 426.027833 1.788139e-07 4.324725e-07
1024 512 16 519.320389 1.788139e-07 4.467739e-07
2048 512 16 597.464564 1.788139e-07 4.370737e-07
4096 512 16 647.671012 7.748604e-07 1.844991e-06
512 1024 16 517.801654 1.788139e-07 4.274161e-07
1024 1024 16 612.718757 1.788139e-07 4.309865e-07
2048 1024 16 669.736907 1.788139e-07 4.753717e-07
4096 1024 16 699.361556 1.788139e-07 4.360369e-07
512 2048 16 607.084068 1.788139e-07 4.700445e-07
1024 2048 16 673.616999 1.788139e-07 4.286314e-07
2048 2048 16 713.897838 1.788139e-07 4.476372e-07
4096 2048 16 729.597554 1.788139e-07 4.681258e-07
512 4096 16 663.260217 2.086163e-07 4.764315e-07
1024 4096 16 707.977747 2.086163e-07 4.652541e-07
2048 4096 16 732.166714 2.086163e-07 4.834821e-07
4096 4096 16 740.979694 2.086163e-07 5.082134e-07
512 512 32 210.538371 2.086163e-07 4.338426e-07
1024 512 32 259.153396 2.384186e-07 4.724047e-07
2048 512 32 301.374455 2.384186e-07 4.738604e-07
4096 512 32 328.022702 2.384186e-07 4.768066e-07
512 1024 32 258.536026 2.384186e-07 4.741817e-07
1024 1024 32 308.716110 2.384186e-07 4.765787e-07
2048 1024 32 338.335474 2.384186e-07 4.768089e-07
4096 1024 32 352.273418 2.384186e-07 4.772311e-07
512 2048 32 305.233758 2.384186e-07 4.762850e-07
1024 2048 32 341.172565 2.384186e-07 4.744009e-07
2048 2048 32 360.162616 2.384186e-07 4.761253e-07
4096 2048 32 368.058140 2.384186e-07 4.887742e-07
512 4096 32 334.851558 7.748604e-07 2.556877e-06
1024 4096 32 358.184344 2.384186e-07 4.756875e-07
2048 4096 32 369.086292 2.384186e-07 4.764852e-07
4096 4096 32 372.503775 2.384186e-07 5.094487e-07
512 512 64 107.193282 2.384186e-07 4.752377e-07
1024 512 64 132.465926 2.384186e-07 5.023990e-07
2048 512 64 150.500190 2.384186e-07 4.767988e-07
4096 512 64 162.526854 2.384186e-07 4.789339e-07
512 1024 64 132.040677 2.384186e-07 4.750957e-07
1024 1024 64 154.891511 2.384186e-07 4.760942e-07
2048 1024 64 168.015802 2.384186e-07 4.766900e-07
4096 1024 64 175.239587 2.384186e-07 4.767215e-07
512 2048 64 153.528112 2.384186e-07 4.767943e-07
1024 2048 64 169.569543 2.384186e-07 4.764793e-07
2048 2048 64 179.435932 2.384186e-07 4.767046e-07
4096 2048 64 183.511568 2.384186e-07 4.801963e-07
512 4096 64 166.639481 2.384186e-07 4.793528e-07
1024 4096 64 177.912585 2.384186e-07 4.767328e-07
2048 4096 64 184.337630 2.384186e-07 4.768020e-07
4096 4096 64 186.028266 2.384186e-07 4.767667e-07
512 512 128 51.304127 2.384186e-07 4.763826e-07
1024 512 128 62.513837 2.384186e-07 4.764396e-07
2048 512 128 72.004519 2.384186e-07 4.763928e-07
4096 512 128 77.904584 8.046627e-07 1.645104e-06
512 1024 128 62.142268 2.384186e-07 4.761570e-07
1024 1024 128 73.647019 2.384186e-07 4.768315e-07
2048 1024 128 80.366535 2.384186e-07 4.768355e-07
4096 1024 128 82.966971 2.384186e-07 4.767491e-07
512 2048 128 73.015650 2.384186e-07 4.767940e-07
1024 2048 128 80.935401 2.384186e-07 4.767201e-07
2048 2048 128 84.659551 2.384186e-07 4.858687e-07
4096 2048 128 85.555823 2.384186e-07 4.797666e-07
512 4096 128 79.467947 8.046627e-07 1.629012e-06
1024 4096 128 84.325322 2.384186e-07 4.793407e-07
2048 4096 128 85.885815 6.556511e-07 1.322308e-06
4096 4096 128 
512 512 256 23.555836 2.384186e-07 4.767445e-07
1024 512 256 27.492454 2.384186e-07 4.765273e-07
2048 512 256 30.937821 2.384186e-07 4.765748e-07
4096 512 256 33.091743 8.344650e-07 1.674688e-06
512 1024 256 27.361321 2.384186e-07 4.776502e-07
1024 1024 256 31.535501 2.384186e-07 4.776365e-07
2048 1024 256 33.986610 2.384186e-07 4.768355e-07
4096 1024 256 34.838060 2.384186e-07 4.780280e-07
512 2048 256 31.325555 2.384186e-07 4.767940e-07
1024 2048 256 34.183498 2.384186e-07 4.770080e-07
2048 2048 256 35.310006 2.384186e-07 4.820761e-07
4096 2048 256 
512 4096 256 33.650619 7.152557e-07 1.420101e-06
1024 4096 256 35.195221 2.384186e-07 4.793407e-07
2048 4096 256 
4096 4096 256 
